<?xml version="1.0" encoding="UTF-8"?>
<!-- Generated by org.testng.reporters.JUnitReportReporter -->
<testsuite hostname="LAPTOP-7JGJJA07" failures="0" tests="1" name="com.TestNG.Automation" time="18.292" errors="0" timestamp="2022-03-12T10:39:40 IST" skipped="0">
  <testcase classname="com.TestNG.Automation" name="TestWikiHomepage" time="18.292"/>
  <system-out/>
</testsuite> <!-- com.TestNG.Automation -->
